SF:lib/models/chapter_model.dart
DA:6,0
DA:8,0
DA:9,0
DA:10,0
DA:11,0
DA:13,0
DA:14,0
DA:15,0
DA:16,0
DA:17,0
LF:10
LH:0
end_of_record
SF:lib/models/group_model.dart
DA:61,0
DA:62,0
DA:63,0
DA:64,0
DA:67,1
DA:68,1
DA:69,1
DA:70,2
DA:74,0
DA:75,0
DA:76,0
DA:77,0
DA:78,0
DA:81,1
DA:82,4
DA:83,3
DA:84,7
DA:90,0
DA:94,0
DA:95,0
DA:96,0
DA:97,0
DA:98,0
DA:99,0
DA:100,0
DA:102,0
DA:103,0
DA:106,0
DA:111,0
DA:112,0
DA:113,0
DA:115,0
DA:116,0
DA:117,0
DA:118,0
DA:119,0
DA:120,0
DA:121,0
DA:122,0
DA:123,0
DA:124,0
DA:125,0
DA:130,0
DA:131,0
DA:132,0
DA:133,0
DA:134,0
DA:135,0
DA:136,0
DA:137,0
DA:138,0
DA:139,0
DA:140,0
DA:141,0
DA:156,1
DA:159,4
DA:162,0
DA:168,2
DA:170,0
DA:174,2
DA:178,4
DA:181,1
DA:185,1
DA:187,1
DA:189,2
DA:192,1
DA:193,1
DA:194,0
DA:197,1
DA:198,5
DA:204,1
DA:209,2
DA:210,0
DA:220,0
DA:222,0
DA:224,0
DA:226,0
DA:230,0
DA:233,0
DA:238,0
DA:246,0
DA:247,0
DA:256,0
DA:259,0
DA:260,0
DA:261,0
DA:270,0
DA:275,0
DA:277,0
DA:280,0
DA:283,0
DA:284,0
DA:286,0
DA:299,0
DA:300,0
DA:301,0
DA:307,0
DA:311,0
DA:314,0
DA:316,0
DA:324,0
DA:326,0
DA:330,0
DA:331,0
DA:332,0
DA:357,0
DA:358,0
DA:360,0
DA:361,0
DA:362,0
DA:363,0
DA:373,0
DA:374,0
DA:376,0
DA:377,0
DA:378,0
DA:379,0
DA:389,0
DA:390,0
DA:391,0
DA:400,0
DA:402,0
DA:405,0
DA:407,0
DA:409,0
DA:415,0
DA:416,0
DA:418,0
DA:419,0
DA:420,0
DA:421,0
DA:430,0
DA:431,0
DA:433,0
DA:434,0
DA:435,0
DA:436,0
DA:444,0
DA:445,0
DA:447,0
DA:448,0
DA:449,0
DA:450,0
DA:459,0
DA:463,0
DA:466,0
DA:468,0
DA:470,0
DA:480,0
DA:483,0
DA:484,0
DA:487,0
LF:152
LH:23
end_of_record
SF:lib/models/hatim_model.dart
DA:31,1
DA:38,1
DA:40,1
DA:41,0
DA:43,0
DA:44,1
DA:45,6
DA:47,3
DA:56,1
DA:60,0
DA:66,0
DA:67,0
DA:68,0
DA:70,0
DA:71,0
DA:72,0
DA:74,0
DA:77,0
DA:80,1
DA:81,2
DA:82,2
DA:83,5
DA:84,2
DA:90,0
DA:91,0
DA:92,0
DA:97,0
DA:98,0
DA:103,0
DA:104,0
DA:108,0
DA:109,0
DA:111,0
DA:113,0
DA:115,0
DA:116,0
DA:124,0
DA:125,0
DA:129,0
DA:130,0
DA:134,0
DA:135,0
DA:138,1
DA:139,1
DA:140,1
DA:147,0
DA:148,0
DA:149,0
DA:150,0
DA:151,0
DA:152,0
DA:153,0
DA:154,0
DA:159,0
DA:160,0
DA:161,0
DA:162,0
DA:163,0
DA:164,0
DA:165,0
DA:166,0
DA:171,0
DA:172,0
DA:173,0
DA:174,0
DA:175,0
DA:176,0
DA:177,0
DA:181,1
DA:185,1
DA:187,1
DA:188,1
DA:190,1
DA:191,1
DA:193,1
LF:75
LH:22
end_of_record
SF:lib/models/user_model.dart
DA:15,0
DA:20,0
DA:23,0
DA:24,0
DA:25,0
DA:26,0
DA:27,0
DA:28,0
DA:30,0
DA:31,0
DA:32,0
DA:33,0
DA:34,0
DA:35,0
DA:36,0
DA:41,0
DA:43,0
DA:46,0
DA:47,0
DA:54,0
DA:55,0
DA:62,0
DA:63,0
DA:69,0
DA:70,0
LF:25
LH:0
end_of_record
